0 info it worked if it ends with ok
1 verbose cli [ '/usr/local/bin/node',
1 verbose cli   '/usr/local/bin/npm',
1 verbose cli   'install',
1 verbose cli   'msgpack' ]
2 info using npm@1.1.43
3 info using node@v0.8.3
4 verbose config file /Users/jfreebird/.npmrc
5 verbose config file /usr/local/etc/npmrc
6 verbose config file /usr/local/lib/node_modules/npm/npmrc
7 verbose read json /Users/jfreebird/package.json
8 verbose read json /Users/jfreebird/node_modules/thrift/package.json
9 verbose read json /Users/jfreebird/node_modules/zeromq/package.json
10 verbose read json /Users/jfreebird/node_modules/zmq/package.json
11 verbose read json /Users/jfreebird/package.json
12 verbose cache add [ 'msgpack', null ]
13 silly cache add name=undefined spec="msgpack" args=["msgpack",null]
14 verbose parsed url { pathname: 'msgpack', path: 'msgpack', href: 'msgpack' }
15 silly lockFile a836d599-msgpack msgpack
16 verbose lock msgpack /Users/jfreebird/.npm/a836d599-msgpack.lock
17 silly lockFile a836d599-msgpack msgpack
18 verbose addNamed [ 'msgpack', '' ]
19 verbose addNamed [ null, '' ]
20 silly lockFile 7f9d0373-msgpack msgpack@
21 verbose lock msgpack@ /Users/jfreebird/.npm/7f9d0373-msgpack.lock
22 silly addNameRange { name: 'msgpack', range: '', hasData: false }
23 verbose url raw msgpack
24 verbose url resolving [ 'https://registry.npmjs.org/', './msgpack' ]
25 verbose url resolved https://registry.npmjs.org/msgpack
26 info retry registry request attempt 1 at 19:24:46
27 http GET https://registry.npmjs.org/msgpack
28 http 200 https://registry.npmjs.org/msgpack
29 silly registry.get cb [ 200,
29 silly registry.get   { vary: 'Accept',
29 silly registry.get     server: 'CouchDB/1.2.0 (Erlang OTP/R15B)',
29 silly registry.get     etag: '"JK89DLWYMS7NP9Y635GRHX36"',
29 silly registry.get     date: 'Wed, 08 Aug 2012 11:24:54 GMT',
29 silly registry.get     'content-type': 'application/json',
29 silly registry.get     'content-length': '1985' } ]
30 silly addNameRange number 2 { name: 'msgpack', range: '', hasData: true }
31 silly addNameRange versions [ 'msgpack', [ '0.1.2', '0.1.3' ] ]
32 verbose addNamed [ 'msgpack', '0.1.3' ]
33 verbose addNamed [ '0.1.3', '0.1.3' ]
34 silly lockFile d50ad210-msgpack-0-1-3 msgpack@0.1.3
35 verbose lock msgpack@0.1.3 /Users/jfreebird/.npm/d50ad210-msgpack-0-1-3.lock
36 silly lockFile 9cecaa82-js-org-msgpack-msgpack-0-1-3-tgz https://registry.npmjs.org/msgpack/-/msgpack-0.1.3.tgz
37 verbose lock https://registry.npmjs.org/msgpack/-/msgpack-0.1.3.tgz /Users/jfreebird/.npm/9cecaa82-js-org-msgpack-msgpack-0-1-3-tgz.lock
38 verbose addRemoteTarball [ 'https://registry.npmjs.org/msgpack/-/msgpack-0.1.3.tgz',
38 verbose addRemoteTarball   undefined ]
39 info retry fetch attempt 1 at 19:24:55
40 verbose fetch to= /Users/jfreebird/tmp/npm-16348/1344425095877-0.5940602731425315/tmp.tgz
41 http GET https://registry.npmjs.org/msgpack/-/msgpack-0.1.3.tgz
42 http 200 https://registry.npmjs.org/msgpack/-/msgpack-0.1.3.tgz
43 verbose tar unpack /Users/jfreebird/tmp/npm-16348/1344425095877-0.5940602731425315/tmp.tgz
44 silly lockFile 213e279d-95877-0-5940602731425315-package /Users/jfreebird/tmp/npm-16348/1344425095877-0.5940602731425315/package
45 verbose lock /Users/jfreebird/tmp/npm-16348/1344425095877-0.5940602731425315/package /Users/jfreebird/.npm/213e279d-95877-0-5940602731425315-package.lock
46 silly gunzTarPerm modes [ '755', '644' ]
47 silly gunzTarPerm extractEntry
48 silly gunzTarPerm extractEntry ._.DS_Store
49 silly gunzTarPerm extractEntry .DS_Store
50 silly gunzTarPerm extractEntry .gitignore
51 silly gunzTarPerm extractEntry bench.js
52 silly gunzTarPerm extractEntry bin/
53 silly gunzTarPerm extractEntry deps/
54 silly gunzTarPerm extractEntry lib/
55 silly gunzTarPerm extractEntry LICENSE
56 silly gunzTarPerm extractEntry Makefile
57 silly gunzTarPerm extractEntry package.json
58 silly gunzTarPerm extractEntry README.md
59 silly gunzTarPerm extractEntry src/
60 silly gunzTarPerm extractEntry test/
61 silly gunzTarPerm extractEntry test/test-stream-disjoint.js
62 silly gunzTarPerm extractEntry test/test-stream.js
63 silly gunzTarPerm extractEntry test/test-unpack-extra.js
64 silly gunzTarPerm extractEntry test/test.js
65 silly gunzTarPerm extractEntry src/msgpack.cc
66 silly gunzTarPerm extractEntry src/wscript
67 silly gunzTarPerm extractEntry lib/msgpack.js
68 silly gunzTarPerm extractEntry deps/msgpack/
69 silly gunzTarPerm extractEntry deps/msgpack/ac/
70 silly gunzTarPerm extractEntry deps/msgpack/aclocal.m4
71 silly gunzTarPerm extractEntry deps/msgpack/AUTHORS
72 silly gunzTarPerm extractEntry deps/msgpack/ChangeLog
73 silly gunzTarPerm extractEntry deps/msgpack/config.h.in
74 silly gunzTarPerm extractEntry deps/msgpack/configure
75 silly gunzTarPerm extractEntry deps/msgpack/configure.in
76 silly gunzTarPerm extractEntry deps/msgpack/COPYING
77 silly gunzTarPerm extractEntry deps/msgpack/INSTALL
78 silly gunzTarPerm extractEntry deps/msgpack/LICENSE
79 silly gunzTarPerm extractEntry deps/msgpack/Makefile.am
80 silly gunzTarPerm extractEntry deps/msgpack/Makefile.in
81 silly gunzTarPerm extractEntry deps/msgpack/msgpack/
82 silly gunzTarPerm extractEntry deps/msgpack/msgpack.h
83 silly gunzTarPerm extractEntry deps/msgpack/msgpack.hpp
84 silly gunzTarPerm extractEntry deps/msgpack/msgpack_test.cpp
85 silly gunzTarPerm extractEntry deps/msgpack/msgpack_vc8.postbuild.bat
86 silly gunzTarPerm extractEntry deps/msgpack/msgpack_vc8.sln
87 silly gunzTarPerm extractEntry deps/msgpack/msgpack_vc8.vcproj
88 silly gunzTarPerm extractEntry deps/msgpack/msgpackc_test.cpp
89 silly gunzTarPerm extractEntry deps/msgpack/NEWS
90 silly gunzTarPerm extractEntry deps/msgpack/NOTICE
91 silly gunzTarPerm extractEntry deps/msgpack/object.cpp
92 silly gunzTarPerm extractEntry deps/msgpack/objectc.c
93 silly gunzTarPerm extractEntry deps/msgpack/README
94 silly gunzTarPerm extractEntry deps/msgpack/README.md
95 silly gunzTarPerm extractEntry deps/msgpack/test/
96 silly gunzTarPerm extractEntry deps/msgpack/unpack.c
97 silly gunzTarPerm extractEntry deps/msgpack/vrefbuffer.c
98 silly gunzTarPerm extractEntry deps/msgpack/zone.c
99 silly gunzTarPerm extractEntry deps/msgpack/test/buffer.cc
100 silly gunzTarPerm extractEntry deps/msgpack/test/convert.cc
101 silly gunzTarPerm extractEntry deps/msgpack/test/Makefile.am
102 silly gunzTarPerm extractEntry deps/msgpack/test/Makefile.in
103 silly gunzTarPerm extractEntry deps/msgpack/test/object.cc
104 silly gunzTarPerm extractEntry deps/msgpack/test/pack_unpack.cc
105 silly gunzTarPerm extractEntry deps/msgpack/test/streaming.cc
106 silly gunzTarPerm extractEntry deps/msgpack/test/zone.cc
107 silly gunzTarPerm extractEntry deps/msgpack/msgpack/object.h
108 silly gunzTarPerm extractEntry deps/msgpack/msgpack/object.hpp
109 silly gunzTarPerm extractEntry deps/msgpack/msgpack/pack.h
110 silly gunzTarPerm extractEntry deps/msgpack/msgpack/pack.hpp
111 silly gunzTarPerm extractEntry deps/msgpack/msgpack/pack_define.h
112 silly gunzTarPerm extractEntry deps/msgpack/msgpack/pack_template.h
113 silly gunzTarPerm extractEntry deps/msgpack/msgpack/sbuffer.h
114 silly gunzTarPerm extractEntry deps/msgpack/msgpack/sbuffer.hpp
115 silly gunzTarPerm extractEntry deps/msgpack/msgpack/sysdep.h
116 silly gunzTarPerm extractEntry deps/msgpack/msgpack/type/
117 silly gunzTarPerm extractEntry deps/msgpack/msgpack/type.hpp
118 silly gunzTarPerm extractEntry deps/msgpack/msgpack/unpack.h
119 silly gunzTarPerm extractEntry deps/msgpack/msgpack/unpack.hpp
120 silly gunzTarPerm extractEntry deps/msgpack/msgpack/unpack_define.h
121 silly gunzTarPerm extractEntry deps/msgpack/msgpack/unpack_template.h
122 silly gunzTarPerm extractEntry deps/msgpack/msgpack/vrefbuffer.h
123 silly gunzTarPerm extractEntry deps/msgpack/msgpack/vrefbuffer.hpp
124 silly gunzTarPerm extractEntry deps/msgpack/msgpack/zbuffer.h
125 silly gunzTarPerm extractEntry deps/msgpack/msgpack/zbuffer.hpp
126 silly gunzTarPerm extractEntry deps/msgpack/msgpack/zone.h
127 silly gunzTarPerm extractEntry deps/msgpack/msgpack/zone.hpp
128 silly gunzTarPerm extractEntry deps/msgpack/msgpack/type/bool.hpp
129 silly gunzTarPerm extractEntry deps/msgpack/msgpack/type/define.hpp
130 silly gunzTarPerm extractEntry deps/msgpack/msgpack/type/deque.hpp
131 silly gunzTarPerm extractEntry deps/msgpack/msgpack/type/float.hpp
132 silly gunzTarPerm extractEntry deps/msgpack/msgpack/type/int.hpp
133 silly gunzTarPerm extractEntry deps/msgpack/msgpack/type/list.hpp
134 silly gunzTarPerm extractEntry deps/msgpack/msgpack/type/map.hpp
135 silly gunzTarPerm extractEntry deps/msgpack/msgpack/type/nil.hpp
136 silly gunzTarPerm extractEntry deps/msgpack/msgpack/type/pair.hpp
137 silly gunzTarPerm extractEntry deps/msgpack/msgpack/type/raw.hpp
138 silly gunzTarPerm extractEntry deps/msgpack/msgpack/type/set.hpp
139 silly gunzTarPerm extractEntry deps/msgpack/msgpack/type/string.hpp
140 silly gunzTarPerm extractEntry deps/msgpack/msgpack/type/tr1/
141 silly gunzTarPerm extractEntry deps/msgpack/msgpack/type/tuple.hpp
142 silly gunzTarPerm extractEntry deps/msgpack/msgpack/type/vector.hpp
143 silly gunzTarPerm extractEntry deps/msgpack/msgpack/type/tr1/unordered_map.hpp
144 silly gunzTarPerm extractEntry deps/msgpack/msgpack/type/tr1/unordered_set.hpp
145 silly gunzTarPerm extractEntry deps/msgpack/ac/compile
146 silly gunzTarPerm extractEntry deps/msgpack/ac/config.guess
147 silly gunzTarPerm extractEntry deps/msgpack/ac/config.sub
148 silly gunzTarPerm extractEntry deps/msgpack/ac/depcomp
149 silly gunzTarPerm extractEntry deps/msgpack/ac/install-sh
150 silly gunzTarPerm extractEntry deps/msgpack/ac/ltmain.sh
151 silly gunzTarPerm extractEntry deps/msgpack/ac/missing
152 silly gunzTarPerm extractEntry bin/json2msgpack
153 silly gunzTarPerm extractEntry bin/msgpack2json
154 verbose read json /Users/jfreebird/tmp/npm-16348/1344425095877-0.5940602731425315/package/package.json
155 silly lockFile 213e279d-95877-0-5940602731425315-package /Users/jfreebird/tmp/npm-16348/1344425095877-0.5940602731425315/package
156 verbose from cache /Users/jfreebird/tmp/npm-16348/1344425095877-0.5940602731425315/package/package.json
157 verbose tar pack [ '/Users/jfreebird/.npm/msgpack/0.1.3/package.tgz',
157 verbose tar pack   '/Users/jfreebird/tmp/npm-16348/1344425095877-0.5940602731425315/package' ]
158 verbose tarball /Users/jfreebird/.npm/msgpack/0.1.3/package.tgz
159 verbose folder /Users/jfreebird/tmp/npm-16348/1344425095877-0.5940602731425315/package
160 silly lockFile ad2c1234-rd-npm-msgpack-0-1-3-package-tgz /Users/jfreebird/.npm/msgpack/0.1.3/package.tgz
161 verbose lock /Users/jfreebird/.npm/msgpack/0.1.3/package.tgz /Users/jfreebird/.npm/ad2c1234-rd-npm-msgpack-0-1-3-package-tgz.lock
162 silly lockFile ad2c1234-rd-npm-msgpack-0-1-3-package-tgz /Users/jfreebird/.npm/msgpack/0.1.3/package.tgz
163 silly lockFile 3284fb51-eebird-npm-msgpack-0-1-3-package /Users/jfreebird/.npm/msgpack/0.1.3/package
164 verbose lock /Users/jfreebird/.npm/msgpack/0.1.3/package /Users/jfreebird/.npm/3284fb51-eebird-npm-msgpack-0-1-3-package.lock
165 silly lockFile 3284fb51-eebird-npm-msgpack-0-1-3-package /Users/jfreebird/.npm/msgpack/0.1.3/package
166 verbose tar unpack /Users/jfreebird/.npm/msgpack/0.1.3/package.tgz
167 silly lockFile 3284fb51-eebird-npm-msgpack-0-1-3-package /Users/jfreebird/.npm/msgpack/0.1.3/package
168 verbose lock /Users/jfreebird/.npm/msgpack/0.1.3/package /Users/jfreebird/.npm/3284fb51-eebird-npm-msgpack-0-1-3-package.lock
169 silly gunzTarPerm modes [ '755', '644' ]
170 silly gunzTarPerm extractEntry package.json
171 silly gunzTarPerm extractEntry .npmignore
172 silly gunzTarPerm extractEntry README.md
173 silly gunzTarPerm extractEntry LICENSE
174 silly gunzTarPerm extractEntry bench.js
175 silly gunzTarPerm extractEntry lib/msgpack.js
176 silly gunzTarPerm extractEntry Makefile
177 silly gunzTarPerm extractEntry deps/msgpack/README
178 silly gunzTarPerm extractEntry deps/msgpack/README.md
179 silly gunzTarPerm extractEntry deps/msgpack/LICENSE
180 silly gunzTarPerm extractEntry deps/msgpack/msgpack_test.cpp
181 silly gunzTarPerm extractEntry deps/msgpack/config.h.in
182 silly gunzTarPerm extractEntry deps/msgpack/configure
183 silly gunzTarPerm extractEntry deps/msgpack/configure.in
184 silly gunzTarPerm extractEntry deps/msgpack/COPYING
185 silly gunzTarPerm extractEntry deps/msgpack/INSTALL
186 silly gunzTarPerm extractEntry deps/msgpack/ac/compile
187 silly gunzTarPerm extractEntry deps/msgpack/ac/config.guess
188 silly gunzTarPerm extractEntry deps/msgpack/ac/config.sub
189 silly gunzTarPerm extractEntry deps/msgpack/ac/depcomp
190 silly gunzTarPerm extractEntry deps/msgpack/ac/install-sh
191 silly gunzTarPerm extractEntry deps/msgpack/ac/ltmain.sh
192 silly gunzTarPerm extractEntry deps/msgpack/ac/missing
193 silly gunzTarPerm extractEntry deps/msgpack/Makefile.am
194 silly gunzTarPerm extractEntry deps/msgpack/Makefile.in
195 silly gunzTarPerm extractEntry deps/msgpack/msgpack/type.hpp
196 silly gunzTarPerm extractEntry deps/msgpack/msgpack/object.h
197 silly gunzTarPerm extractEntry deps/msgpack/msgpack/pack.h
198 silly gunzTarPerm extractEntry deps/msgpack/msgpack/pack.hpp
199 silly gunzTarPerm extractEntry deps/msgpack/msgpack/pack_define.h
200 silly gunzTarPerm extractEntry deps/msgpack/msgpack/pack_template.h
201 silly gunzTarPerm extractEntry deps/msgpack/msgpack/sbuffer.h
202 silly gunzTarPerm extractEntry deps/msgpack/msgpack/sbuffer.hpp
203 silly gunzTarPerm extractEntry deps/msgpack/msgpack/sysdep.h
204 silly gunzTarPerm extractEntry deps/msgpack/msgpack/type/nil.hpp
205 silly gunzTarPerm extractEntry deps/msgpack/msgpack/type/bool.hpp
206 silly gunzTarPerm extractEntry deps/msgpack/msgpack/type/deque.hpp
207 silly gunzTarPerm extractEntry deps/msgpack/msgpack/type/float.hpp
208 silly gunzTarPerm extractEntry deps/msgpack/msgpack/type/int.hpp
209 silly gunzTarPerm extractEntry deps/msgpack/msgpack/type/list.hpp
210 silly gunzTarPerm extractEntry deps/msgpack/msgpack/type/map.hpp
211 silly gunzTarPerm extractEntry deps/msgpack/msgpack/type/define.hpp
212 silly gunzTarPerm extractEntry deps/msgpack/msgpack/type/pair.hpp
213 silly gunzTarPerm extractEntry deps/msgpack/msgpack/type/raw.hpp
214 silly gunzTarPerm extractEntry deps/msgpack/msgpack/type/set.hpp
215 silly gunzTarPerm extractEntry deps/msgpack/msgpack/type/string.hpp
216 silly gunzTarPerm extractEntry deps/msgpack/msgpack/type/tr1/unordered_map.hpp
217 silly gunzTarPerm extractEntry deps/msgpack/msgpack/type/tr1/unordered_set.hpp
218 silly gunzTarPerm extractEntry deps/msgpack/msgpack/type/tuple.hpp
219 silly gunzTarPerm extractEntry deps/msgpack/msgpack/type/vector.hpp
220 silly gunzTarPerm extractEntry deps/msgpack/msgpack/object.hpp
221 silly gunzTarPerm extractEntry deps/msgpack/msgpack/unpack.h
222 silly gunzTarPerm extractEntry deps/msgpack/msgpack/unpack.hpp
223 silly gunzTarPerm extractEntry deps/msgpack/msgpack/unpack_define.h
224 silly gunzTarPerm extractEntry deps/msgpack/msgpack/unpack_template.h
225 silly gunzTarPerm extractEntry deps/msgpack/msgpack/vrefbuffer.h
226 silly gunzTarPerm extractEntry deps/msgpack/msgpack/vrefbuffer.hpp
227 silly gunzTarPerm extractEntry deps/msgpack/msgpack/zbuffer.h
228 silly gunzTarPerm extractEntry deps/msgpack/msgpack/zbuffer.hpp
229 silly gunzTarPerm extractEntry deps/msgpack/msgpack/zone.h
230 silly gunzTarPerm extractEntry deps/msgpack/msgpack/zone.hpp
231 silly gunzTarPerm extractEntry deps/msgpack/msgpack.h
232 silly gunzTarPerm extractEntry deps/msgpack/msgpack.hpp
233 silly gunzTarPerm extractEntry deps/msgpack/aclocal.m4
234 silly gunzTarPerm extractEntry deps/msgpack/msgpack_vc8.postbuild.bat
235 silly gunzTarPerm extractEntry deps/msgpack/msgpack_vc8.sln
236 silly gunzTarPerm extractEntry deps/msgpack/msgpack_vc8.vcproj
237 silly gunzTarPerm extractEntry deps/msgpack/msgpackc_test.cpp
238 silly gunzTarPerm extractEntry deps/msgpack/NEWS
239 silly gunzTarPerm extractEntry deps/msgpack/NOTICE
240 silly gunzTarPerm extractEntry deps/msgpack/object.cpp
241 silly gunzTarPerm extractEntry deps/msgpack/objectc.c
242 silly gunzTarPerm extractEntry deps/msgpack/AUTHORS
243 silly gunzTarPerm extractEntry deps/msgpack/ChangeLog
244 silly gunzTarPerm extractEntry deps/msgpack/test/buffer.cc
245 silly gunzTarPerm extractEntry deps/msgpack/test/convert.cc
246 silly gunzTarPerm extractEntry deps/msgpack/test/Makefile.am
247 silly gunzTarPerm extractEntry deps/msgpack/test/Makefile.in
248 silly gunzTarPerm extractEntry deps/msgpack/test/object.cc
249 silly gunzTarPerm extractEntry deps/msgpack/test/pack_unpack.cc
250 silly gunzTarPerm extractEntry deps/msgpack/test/streaming.cc
251 silly gunzTarPerm extractEntry deps/msgpack/test/zone.cc
252 silly gunzTarPerm extractEntry deps/msgpack/unpack.c
253 silly gunzTarPerm extractEntry deps/msgpack/vrefbuffer.c
254 silly gunzTarPerm extractEntry deps/msgpack/zone.c
255 silly gunzTarPerm extractEntry bin/json2msgpack
256 silly gunzTarPerm extractEntry bin/msgpack2json
257 silly gunzTarPerm extractEntry src/msgpack.cc
258 silly gunzTarPerm extractEntry src/wscript
259 silly gunzTarPerm extractEntry test/test-stream-disjoint.js
260 silly gunzTarPerm extractEntry test/test-stream.js
261 silly gunzTarPerm extractEntry test/test-unpack-extra.js
262 silly gunzTarPerm extractEntry test/test.js
263 verbose read json /Users/jfreebird/.npm/msgpack/0.1.3/package/package.json
264 silly lockFile 3284fb51-eebird-npm-msgpack-0-1-3-package /Users/jfreebird/.npm/msgpack/0.1.3/package
265 silly shasum updated bytes 40960
266 silly shasum updated bytes 40960
267 silly shasum updated bytes 40960
268 silly shasum updated bytes 40960
269 silly shasum updated bytes 40960
270 silly shasum updated bytes 40960
271 silly shasum updated bytes 40960
272 silly shasum updated bytes 40960
273 silly shasum updated bytes 40960
274 silly shasum updated bytes 20867
275 info shasum 7b5ff7b29db362ee81f2e3e26bd11fc5de36d9f1
275 info shasum /Users/jfreebird/.npm/msgpack/0.1.3/package.tgz
276 verbose from cache /Users/jfreebird/.npm/msgpack/0.1.3/package/package.json
277 verbose chmod /Users/jfreebird/.npm/msgpack/0.1.3/package.tgz 644
278 verbose chown /Users/jfreebird/.npm/msgpack/0.1.3/package.tgz [ 501, 20 ]
279 silly lockFile 9cecaa82-js-org-msgpack-msgpack-0-1-3-tgz https://registry.npmjs.org/msgpack/-/msgpack-0.1.3.tgz
280 silly lockFile d50ad210-msgpack-0-1-3 msgpack@0.1.3
281 silly lockFile 7f9d0373-msgpack msgpack@
282 silly resolved [ { name: 'msgpack',
282 silly resolved     description: 'A space-efficient object serialization library for node.js',
282 silly resolved     version: '0.1.3',
282 silly resolved     homepage: 'https://github.com/pgriess/node-msgpack',
282 silly resolved     author: { name: 'Peter Griess', email: 'pg@std.in' },
282 silly resolved     contributors: [ [Object] ],
282 silly resolved     repository:
282 silly resolved      { type: 'git',
282 silly resolved        url: 'https://github.com/pgriess/node-msgpack.git' },
282 silly resolved     main: './lib/msgpack',
282 silly resolved     directories: { lib: 'lib' },
282 silly resolved     engines: { node: '>=0.1.97' },
282 silly resolved     scripts: { preinstall: 'make', preuninstall: 'make clean' },
282 silly resolved     bin:
282 silly resolved      { json2msgpack: './bin/json2msgpack',
282 silly resolved        msgpack2json: './bin/msgpack2json' },
282 silly resolved     readme: '`node-msgpack` is an addon for [NodeJS](http://nodejs.org) that provides an\nAPI for serializing and de-serializing JavaScript objects using the\n[MessagePack](http://msgpack.sourceforge.net) library. The performance of this\naddon compared to the native `JSON` object is quite good, and the space\nrequired for serialized data is far less than JSON.\n\n### Performance\n\n`node-msgpack` outperforms the built-in `JSON.stringify()` and `JSON.parse()`\nmethods handily. The following tests were performed with 500,000 instances of\nthe JavaScript object `{\'abcdef\' : 1, \'qqq\' : 13, \'19\' : [1, 2, 3, 4]}`:\n\n   * `JSON.stringify()` 7.17 seconds\n   * `JSON.parse(JSON.stringify())` 22.18 seconds\n   * `msgpack.pack()` 5.80 seconds\n   * `msgpack.unpack(msgpack.pack())` 8.62 seconds\n\nNote that `node-msgpack` produces and consumes Buffer objects, and a such does\nnot incur encoding/decoding overhead when performing I/O with native strings.\n\n### Usage\n\nThis module provides two methods: `pack()`, which consumes a JavaScript object\nand produces a node Buffer object; and `unpack()`, which consumes a node Buffer\nobject and produces a JavaScript object. Packing of all native JavaScript types\n(undefined, boolean, numbers, strings, arrays and objects) is supported, as\nis the node Buffer type.\n\nThe below code snippet packs and then unpacks a JavaScript object, verifying\nthe resulting object at the end using `assert.deepEqual()`.\n\n    var assert = require(\'assert\');\n    var msgpack = require(\'msgpack\');\n\n    var o = {"a" : 1, "b" : 2, "c" : [1, 2, 3]};\n    var b = msgpack.pack(o);\n    var oo = msgpack.unpack(b);\n\n    assert.deepEqual(oo, o);\n\nAs a convenience, a higher level streaming API is provided in the\n`msgpack.Stream` class, which can be constructed around a `net.Stream`\ninstance. This object emits `msg` events when an object has been received.\n\n    var msgpack = require(\'msgpack\');\n\n    // ... get a net.Stream instance, s, from somewhere\n    \n    var ms = new msgpack.Stream(s);\n    ms.addListener(\'msg\', function(m) {\n        sys.debug(\'received message: \' + sys.inspect(m));\n    });\n\n### Type Mapping\n\nThe JavaScript type system does not map cleanly on to the MsgPack type system,\nthough it\'s pretty close.\n\nWhen packing, JavaScript values are mapped to MsgPack types as follows\n\n   * `undefined` and `null` values map to `MSGPACK_OBJECT_NIL`\n   * `boolean` values map to `MSGPACK_OBJECT_BOOLEAN`\n   * `number` values map differently depending on their value\n      * Floating point values map to `MSGPACK_OBJECT_DOUBLE`\n      * Positive values map to `MSGPACK_OBJECT_POSITIVE_INTEGER`\n      * Negative values map to `MSGPACK_OBJECT_NEGATIVE_INTEGER`\n   * `string` values map to `MSGPACK_OBJECT_RAW`; all strings are serialized\n     with UTF-8 encoding\n   * Array values (as defined by `Array.isArray()`) map to\n     `MSGPACK_OBJECT_ARRAY`; each element in the array is packed individually\n     the rules in this list\n   * NodeJS Buffer values map to `MSGPACK_OBJECT_RAW`\n   * Everything else maps to `MSGPACK_OBJECT_MAP`, where we iterate over the object\'s\n     properties and pack them and their values as per the mappings in this list\n\nWhen unpacking, MsgPack types are mapped to JavaScript values as follows\n\n   * `MSGPACK_OBJECT_NIL` values map to the `null` value\n   * `MSGPACK_OBJECT_BOOLEAN` values map to `boolean` values\n   * `MSGPACK_OBJECT_POSITIVE_INTEGER`, `MSGPACK_OBJECT_NEGATIVE_INTEGER` and\n     `MSGPACK_OBJECT_DOUBLE` values map to `number` values\n   * `MSGPACK_OBJECT_ARRAY` values map to arrays; each object in the array is\n      packed individually using the rules in this list\n   * `MSGPACK_OBJECT_RAW` values are mapped to `string` values; these values are\n     unpacked using either UTF-8 or ASCII encoding, depending on the contents\n     of the raw buffer\n   * `MSGPACK_OBJECT_MAP` values are mapped to JavaScript objects; keys and values\n     are unpacked individually using the rules in this list\n\nStrings are particularly problematic here, as it\'s difficult to get hints down\ninto the packing and unpacking codepaths about how to interpret a particular\nstring or `MSGPACK_OBJECT_RAW`. If you have strict requirements about the\nencoding of your strings, it\'s recommended that you populate a Buffer object\nyourself (e.g. using `Buffer.write()`) and pack that buffer rather than the\nstring. This will ensure that you can control what gets packed.\n\nWhen unpacking, things are trickier as there is no way to know the encoding\nused when a string was packed. There is an [an open\nticket](http://github.com/msgpack/msgpack/issues/issue/13) for the MsgPack\nformat to address this.\n\n### Command Line Utilities\n\nAs a convenience and for debugging, `bin/json2msgpack` and `bin/msgpack2json`\nare provided to convert JSON data to and from MessagePack data, reading from\nstdin and writing to stdout.\n\n    % echo \'[1, 2, 3]\' | ./bin/json2msgpack | xxd -\n    0000000: 9301 0203                                ....\n    % echo \'[1, 2, 3]\' | ./bin/json2msgpack | ./bin/msgpack2json \n    [1,2,3]\n\n### Building and installation\n\nThere are two ways to install msgpack.\n\n## npm\n\n\t\tnpm install msgpack\n\nThis should build and install msgpack for you. Then just `require(\'msgpack\')`.\n\n## Manually\n\nUse `make` to build the add-on, then manually copy `build/default/mpBindings.node` \nand `lib/msgpack.js` it to wherever your node.js installation will look for it (or\nadd the build directory to your `$NODE_PATH`).\n\n    % ls\n    LICENSE  Makefile  README.md  deps/  src/  tags  test.js\n    % make\n\nThe MessagePack library on which this depends is packaged with `node-msgpack`\nand will be built as part of this process.\n\n**Note:** MessagePack may fail to build if you do not have a modern version of\ngcc in your `$PATH`. On Mac OS X Snow Leopard (10.5.x), you may have to use\n`gcc-4.2`, which should come with your box but is not used by default.\n\n    % make CC=gcc-4.2 CXX=gcc-4.2\n',
282 silly resolved     _id: 'msgpack@0.1.3',
282 silly resolved     dist: { shasum: '7b5ff7b29db362ee81f2e3e26bd11fc5de36d9f1' },
282 silly resolved     _from: 'msgpack' } ]
283 info install msgpack@0.1.3 into /Users/jfreebird
284 info installOne msgpack@0.1.3
285 verbose from cache /Users/jfreebird/.npm/msgpack/0.1.3/package/package.json
286 info /Users/jfreebird/node_modules/msgpack unbuild
287 verbose read json /Users/jfreebird/node_modules/msgpack/package.json
288 verbose tar unpack /Users/jfreebird/.npm/msgpack/0.1.3/package.tgz
289 silly lockFile 4e329467-s-jfreebird-node-modules-msgpack /Users/jfreebird/node_modules/msgpack
290 verbose lock /Users/jfreebird/node_modules/msgpack /Users/jfreebird/.npm/4e329467-s-jfreebird-node-modules-msgpack.lock
291 silly gunzTarPerm modes [ '755', '644' ]
292 silly gunzTarPerm extractEntry package.json
293 silly gunzTarPerm extractEntry .npmignore
294 silly gunzTarPerm extractEntry README.md
295 silly gunzTarPerm extractEntry LICENSE
296 silly gunzTarPerm extractEntry bench.js
297 silly gunzTarPerm extractEntry lib/msgpack.js
298 silly gunzTarPerm extractEntry Makefile
299 silly gunzTarPerm extractEntry deps/msgpack/README
300 silly gunzTarPerm extractEntry deps/msgpack/README.md
301 silly gunzTarPerm extractEntry deps/msgpack/LICENSE
302 silly gunzTarPerm extractEntry deps/msgpack/msgpack_test.cpp
303 silly gunzTarPerm extractEntry deps/msgpack/config.h.in
304 silly gunzTarPerm extractEntry deps/msgpack/configure
305 silly gunzTarPerm extractEntry deps/msgpack/configure.in
306 silly gunzTarPerm extractEntry deps/msgpack/COPYING
307 silly gunzTarPerm extractEntry deps/msgpack/INSTALL
308 silly gunzTarPerm extractEntry deps/msgpack/ac/compile
309 silly gunzTarPerm extractEntry deps/msgpack/ac/config.guess
310 silly gunzTarPerm extractEntry deps/msgpack/ac/config.sub
311 silly gunzTarPerm extractEntry deps/msgpack/ac/depcomp
312 silly gunzTarPerm extractEntry deps/msgpack/ac/install-sh
313 silly gunzTarPerm extractEntry deps/msgpack/ac/ltmain.sh
314 silly gunzTarPerm extractEntry deps/msgpack/ac/missing
315 silly gunzTarPerm extractEntry deps/msgpack/Makefile.am
316 silly gunzTarPerm extractEntry deps/msgpack/Makefile.in
317 silly gunzTarPerm extractEntry deps/msgpack/msgpack/type.hpp
318 silly gunzTarPerm extractEntry deps/msgpack/msgpack/object.h
319 silly gunzTarPerm extractEntry deps/msgpack/msgpack/pack.h
320 silly gunzTarPerm extractEntry deps/msgpack/msgpack/pack.hpp
321 silly gunzTarPerm extractEntry deps/msgpack/msgpack/pack_define.h
322 silly gunzTarPerm extractEntry deps/msgpack/msgpack/pack_template.h
323 silly gunzTarPerm extractEntry deps/msgpack/msgpack/sbuffer.h
324 silly gunzTarPerm extractEntry deps/msgpack/msgpack/sbuffer.hpp
325 silly gunzTarPerm extractEntry deps/msgpack/msgpack/sysdep.h
326 silly gunzTarPerm extractEntry deps/msgpack/msgpack/type/nil.hpp
327 silly gunzTarPerm extractEntry deps/msgpack/msgpack/type/bool.hpp
328 silly gunzTarPerm extractEntry deps/msgpack/msgpack/type/deque.hpp
329 silly gunzTarPerm extractEntry deps/msgpack/msgpack/type/float.hpp
330 silly gunzTarPerm extractEntry deps/msgpack/msgpack/type/int.hpp
331 silly gunzTarPerm extractEntry deps/msgpack/msgpack/type/list.hpp
332 silly gunzTarPerm extractEntry deps/msgpack/msgpack/type/map.hpp
333 silly gunzTarPerm extractEntry deps/msgpack/msgpack/type/define.hpp
334 silly gunzTarPerm extractEntry deps/msgpack/msgpack/type/pair.hpp
335 silly gunzTarPerm extractEntry deps/msgpack/msgpack/type/raw.hpp
336 silly gunzTarPerm extractEntry deps/msgpack/msgpack/type/set.hpp
337 silly gunzTarPerm extractEntry deps/msgpack/msgpack/type/string.hpp
338 silly gunzTarPerm extractEntry deps/msgpack/msgpack/type/tr1/unordered_map.hpp
339 silly gunzTarPerm extractEntry deps/msgpack/msgpack/type/tr1/unordered_set.hpp
340 silly gunzTarPerm extractEntry deps/msgpack/msgpack/type/tuple.hpp
341 silly gunzTarPerm extractEntry deps/msgpack/msgpack/type/vector.hpp
342 silly gunzTarPerm extractEntry deps/msgpack/msgpack/object.hpp
343 silly gunzTarPerm extractEntry deps/msgpack/msgpack/unpack.h
344 silly gunzTarPerm extractEntry deps/msgpack/msgpack/unpack.hpp
345 silly gunzTarPerm extractEntry deps/msgpack/msgpack/unpack_define.h
346 silly gunzTarPerm extractEntry deps/msgpack/msgpack/unpack_template.h
347 silly gunzTarPerm extractEntry deps/msgpack/msgpack/vrefbuffer.h
348 silly gunzTarPerm extractEntry deps/msgpack/msgpack/vrefbuffer.hpp
349 silly gunzTarPerm extractEntry deps/msgpack/msgpack/zbuffer.h
350 silly gunzTarPerm extractEntry deps/msgpack/msgpack/zbuffer.hpp
351 silly gunzTarPerm extractEntry deps/msgpack/msgpack/zone.h
352 silly gunzTarPerm extractEntry deps/msgpack/msgpack/zone.hpp
353 silly gunzTarPerm extractEntry deps/msgpack/msgpack.h
354 silly gunzTarPerm extractEntry deps/msgpack/msgpack.hpp
355 silly gunzTarPerm extractEntry deps/msgpack/aclocal.m4
356 silly gunzTarPerm extractEntry deps/msgpack/msgpack_vc8.postbuild.bat
357 silly gunzTarPerm extractEntry deps/msgpack/msgpack_vc8.sln
358 silly gunzTarPerm extractEntry deps/msgpack/msgpack_vc8.vcproj
359 silly gunzTarPerm extractEntry deps/msgpack/msgpackc_test.cpp
360 silly gunzTarPerm extractEntry deps/msgpack/NEWS
361 silly gunzTarPerm extractEntry deps/msgpack/NOTICE
362 silly gunzTarPerm extractEntry deps/msgpack/object.cpp
363 silly gunzTarPerm extractEntry deps/msgpack/objectc.c
364 silly gunzTarPerm extractEntry deps/msgpack/AUTHORS
365 silly gunzTarPerm extractEntry deps/msgpack/ChangeLog
366 silly gunzTarPerm extractEntry deps/msgpack/test/buffer.cc
367 silly gunzTarPerm extractEntry deps/msgpack/test/convert.cc
368 silly gunzTarPerm extractEntry deps/msgpack/test/Makefile.am
369 silly gunzTarPerm extractEntry deps/msgpack/test/Makefile.in
370 silly gunzTarPerm extractEntry deps/msgpack/test/object.cc
371 silly gunzTarPerm extractEntry deps/msgpack/test/pack_unpack.cc
372 silly gunzTarPerm extractEntry deps/msgpack/test/streaming.cc
373 silly gunzTarPerm extractEntry deps/msgpack/test/zone.cc
374 silly gunzTarPerm extractEntry deps/msgpack/unpack.c
375 silly gunzTarPerm extractEntry deps/msgpack/vrefbuffer.c
376 silly gunzTarPerm extractEntry deps/msgpack/zone.c
377 silly gunzTarPerm extractEntry bin/json2msgpack
378 silly gunzTarPerm extractEntry bin/msgpack2json
379 silly gunzTarPerm extractEntry src/msgpack.cc
380 silly gunzTarPerm extractEntry src/wscript
381 silly gunzTarPerm extractEntry test/test-stream-disjoint.js
382 silly gunzTarPerm extractEntry test/test-stream.js
383 silly gunzTarPerm extractEntry test/test-unpack-extra.js
384 silly gunzTarPerm extractEntry test/test.js
385 verbose read json /Users/jfreebird/node_modules/msgpack/package.json
386 silly lockFile 4e329467-s-jfreebird-node-modules-msgpack /Users/jfreebird/node_modules/msgpack
387 info preinstall msgpack@0.1.3
388 verbose unsafe-perm in lifecycle false
389 verbose set uid from=0 to=501
390 silly exec sh "-c" "make"
391 silly sh,-c,make,/Users/jfreebird/node_modules/msgpack spawning
392 info msgpack@0.1.3 Failed to exec preinstall script
393 info /Users/jfreebird/node_modules/msgpack unbuild
394 verbose from cache /Users/jfreebird/node_modules/msgpack/package.json
395 info preuninstall msgpack@0.1.3
396 verbose unsafe-perm in lifecycle false
397 verbose set uid from=0 to=501
398 silly exec sh "-c" "make clean"
399 silly sh,-c,make clean,/Users/jfreebird/node_modules/msgpack spawning
400 info uninstall msgpack@0.1.3
401 verbose true,/Users/jfreebird/node_modules,/Users/jfreebird/node_modules unbuild msgpack@0.1.3
402 verbose /Users/jfreebird/node_modules/.bin,[object Object] binRoot
403 info postuninstall msgpack@0.1.3
404 error msgpack@0.1.3 preinstall: `make`
404 error `sh "-c" "make"` failed with 2
405 error Failed at the msgpack@0.1.3 preinstall script.
405 error This is most likely a problem with the msgpack package,
405 error not with npm itself.
405 error Tell the author that this fails on your system:
405 error     make
405 error You can get their info via:
405 error     npm owner ls msgpack
405 error There is likely additional logging output above.
406 error System Darwin 11.4.0
407 error command "/usr/local/bin/node" "/usr/local/bin/npm" "install" "msgpack"
408 error cwd /Users/jfreebird/zpipe
409 error node -v v0.8.3
410 error npm -v 1.1.43
411 error code ELIFECYCLE
412 error stack Error: msgpack@0.1.3 preinstall: `make`
412 error stack `sh "-c" "make"` failed with 2
412 error stack     at ChildProcess.<anonymous> (/usr/local/lib/node_modules/npm/lib/utils/exec.js:56:20)
412 error stack     at ChildProcess.EventEmitter.emit (events.js:91:17)
412 error stack     at Process._handle.onexit (child_process.js:674:10)
413 verbose exit [ 1, true ]
